<?xml version="1.0" encoding="UTF-8"?>
<!-- Generated by org.testng.reporters.JUnitXMLReporter -->
<testsuite hostname="XE-GGN-IT-02662" ignored="2" name="Default test" tests="1" failures="1" timestamp="09 Nov 2020 05:16:09 GMT" time="34.91" errors="0">
  <testcase name="verifyTempreatureDifference" time="33.022" classname="test.FlightBooking.Test_CityWeather">
    <failure type="java.lang.Exception" message="Website and Api temperature difference for the same city is not between 0 and 2">
      <![CDATA[java.lang.Exception: Website and Api temperature difference for the same city is not between 0 and 2
	at com.FlightBooking.CalculateTemperatureDifference.getTemperatureDifference(CalculateTemperatureDifference.java:25)
	at test.FlightBooking.Test_CityWeather.verifyTempreatureDifference(Test_CityWeather.java:61)
	at sun.reflect.NativeMethodAccessorImpl.invoke0(Native Method)
	at sun.reflect.NativeMethodAccessorImpl.invoke(Unknown Source)
	at sun.reflect.DelegatingMethodAccessorImpl.invoke(Unknown Source)
	at java.lang.reflect.Method.invoke(Unknown Source)
	at org.testng.internal.MethodInvocationHelper.invokeMethod(MethodInvocationHelper.java:104)
	at org.testng.internal.Invoker.invokeMethod(Invoker.java:645)
	at org.testng.internal.Invoker.invokeTestMethod(Invoker.java:851)
	at org.testng.internal.Invoker.invokeTestMethods(Invoker.java:1177)
	at org.testng.internal.TestMethodWorker.invokeTestMethods(TestMethodWorker.java:129)
	at org.testng.internal.TestMethodWorker.run(TestMethodWorker.java:112)
	at org.testng.TestRunner.privateRun(TestRunner.java:756)
	at org.testng.TestRunner.run(TestRunner.java:610)
	at org.testng.SuiteRunner.runTest(SuiteRunner.java:387)
	at org.testng.SuiteRunner.runSequentially(SuiteRunner.java:382)
	at org.testng.SuiteRunner.privateRun(SuiteRunner.java:340)
	at org.testng.SuiteRunner.run(SuiteRunner.java:289)
	at org.testng.SuiteRunnerWorker.runSuite(SuiteRunnerWorker.java:52)
	at org.testng.SuiteRunnerWorker.run(SuiteRunnerWorker.java:86)
	at org.testng.TestNG.runSuitesSequentially(TestNG.java:1293)
	at org.testng.TestNG.runSuitesLocally(TestNG.java:1218)
	at org.testng.TestNG.runSuites(TestNG.java:1133)
	at org.testng.TestNG.run(TestNG.java:1104)
	at org.testng.remote.AbstractRemoteTestNG.run(AbstractRemoteTestNG.java:132)
	at org.testng.remote.RemoteTestNG.initAndRun(RemoteTestNG.java:236)
	at org.testng.remote.RemoteTestNG.main(RemoteTestNG.java:81)
]]>
    </failure>
  </testcase> <!-- verifyTempreatureDifference -->
  <testcase name="verifyCitySelecteAndWeatherInfomationDisplayed" time="0.0" classname="test.FlightBooking.Test_CityWeather">
    <ignored/>
  </testcase> <!-- verifyCitySelecteAndWeatherInfomationDisplayed -->
  <testcase name="verifySelectedCityWeatherFromApi" time="0.0" classname="test.FlightBooking.Test_CityWeather">
    <ignored/>
  </testcase> <!-- verifySelectedCityWeatherFromApi -->
</testsuite> <!-- Default test -->
