<?xml version="1.0" encoding="UTF-8"?>
<!-- Generated by org.testng.reporters.JUnitXMLReporter -->
<testsuite hostname="XE-GGN-IT-02662" ignored="2" name="Default test" tests="1" failures="0" timestamp="08 Nov 2020 19:22:28 GMT" time="20.474" errors="0">
  <testcase name="verifyCitySelecteAndWeatherInfomationDisplayed" time="18.291" classname="test.FlightBooking.Test_CityWeather"/>
  <testcase name="verifyTempreatureDifference" time="0.0" classname="test.FlightBooking.Test_CityWeather">
    <ignored/>
  </testcase> <!-- verifyTempreatureDifference -->
  <testcase name="verifySelectedCityWeatherFromApi" time="0.0" classname="test.FlightBooking.Test_CityWeather">
    <ignored/>
  </testcase> <!-- verifySelectedCityWeatherFromApi -->
</testsuite> <!-- Default test -->
