<?xml version="1.0" encoding="UTF-8"?>
<!-- Generated by org.testng.reporters.JUnitXMLReporter -->
<testsuite hostname="XE-GGN-IT-02662" ignored="0" name="Test" tests="3" failures="0" timestamp="09 Nov 2020 08:30:20 GMT" time="58.595" errors="0">
  <testcase name="verifyCitySelecteAndWeatherInfomationDisplayed" time="26.024" classname="test.weatherInfomation.Test_CityWeather"/>
  <testcase name="verifySelectedCityWeatherFromApi" time="5.791" classname="test.weatherInfomation.Test_CityWeather"/>
  <testcase name="verifyTempreatureDifference" time="24.897" classname="test.weatherInfomation.Test_CityWeather"/>
</testsuite> <!-- Test -->
