<?xml version="1.0" encoding="UTF-8"?>
<!-- Generated by org.testng.reporters.JUnitXMLReporter -->
<testsuite hostname="XE-GGN-IT-02662" ignored="0" name="Test" tests="3" failures="0" timestamp="09 Nov 2020 05:19:12 GMT" time="59.474" errors="0">
  <testcase name="verifyCitySelecteAndWeatherInfomationDisplayed" time="27.016" classname="test.FlightBooking.Test_CityWeather"/>
  <testcase name="verifySelectedCityWeatherFromApi" time="4.615" classname="test.FlightBooking.Test_CityWeather"/>
  <testcase name="verifyTempreatureDifference" time="25.84" classname="test.FlightBooking.Test_CityWeather"/>
</testsuite> <!-- Test -->
