<?xml version="1.0" encoding="UTF-8"?>
<!-- Generated by org.testng.reporters.JUnitXMLReporter -->
<testsuite hostname="XE-GGN-IT-02662" ignored="0" name="Command line test" tests="4" failures="0" timestamp="2020-11-04T11:03:23 IST" time="30.276" errors="0">
  <testcase name="contactInformation" time="1.811" classname="test.FlightBooking.Test_Registration"/>
  <testcase name="createNewUser" time="1.853" classname="test.FlightBooking.Test_Registration"/>
  <testcase name="mailingInformation" time="1.047" classname="test.FlightBooking.Test_Registration"/>
  <testcase name="userInformation" time="0.688" classname="test.FlightBooking.Test_Registration"/>
</testsuite> <!-- Command line test -->
