<?xml version="1.0" encoding="UTF-8"?>
<testng-results skipped="0" failed="0" ignored="0" total="4" passed="4">
  <reporter-output>
  </reporter-output>
  <suite name="test.FlightBooking.Test_Registration" duration-ms="30276" started-at="2020-11-04T11:02:53 IST" finished-at="2020-11-04T11:03:23 IST">
    <groups>
      <group name="Smoke">
        <method signature="Test_Registration.contactInformation()[pri:0, instance:test.FlightBooking.Test_Registration@754ba872]" name="contactInformation" class="test.FlightBooking.Test_Registration"/>
        <method signature="Test_Registration.createNewUser()[pri:0, instance:test.FlightBooking.Test_Registration@754ba872]" name="createNewUser" class="test.FlightBooking.Test_Registration"/>
        <method signature="Test_Registration.mailingInformation()[pri:0, instance:test.FlightBooking.Test_Registration@754ba872]" name="mailingInformation" class="test.FlightBooking.Test_Registration"/>
        <method signature="Test_Registration.userInformation()[pri:0, instance:test.FlightBooking.Test_Registration@754ba872]" name="userInformation" class="test.FlightBooking.Test_Registration"/>
      </group> <!-- Smoke -->
    </groups>
    <test name="Command line test" duration-ms="30276" started-at="2020-11-04T11:02:53 IST" finished-at="2020-11-04T11:03:23 IST">
      <class name="test.FlightBooking.Test_Registration">
        <test-method status="PASS" signature="getDriver()[pri:0, instance:test.FlightBooking.Test_Registration@754ba872]" name="getDriver" is-config="true" duration-ms="7200" started-at="2020-11-04T11:02:53 IST" finished-at="2020-11-04T11:03:00 IST">
          <reporter-output>
          </reporter-output>
        </test-method> <!-- getDriver -->
        <test-method status="PASS" signature="contactInformation()[pri:0, instance:test.FlightBooking.Test_Registration@754ba872]" name="contactInformation" duration-ms="1811" started-at="2020-11-04T11:03:00 IST" description="Enter only contact information" finished-at="2020-11-04T11:03:02 IST">
          <reporter-output>
          </reporter-output>
        </test-method> <!-- contactInformation -->
        <test-method status="PASS" signature="closeBrowser()[pri:0, instance:test.FlightBooking.Test_Registration@754ba872]" name="closeBrowser" is-config="true" duration-ms="65" started-at="2020-11-04T11:03:02 IST" finished-at="2020-11-04T11:03:02 IST">
          <reporter-output>
          </reporter-output>
        </test-method> <!-- closeBrowser -->
        <test-method status="PASS" signature="getDriver()[pri:0, instance:test.FlightBooking.Test_Registration@754ba872]" name="getDriver" is-config="true" duration-ms="5661" started-at="2020-11-04T11:03:02 IST" finished-at="2020-11-04T11:03:07 IST">
          <reporter-output>
          </reporter-output>
        </test-method> <!-- getDriver -->
        <test-method status="PASS" signature="createNewUser()[pri:0, instance:test.FlightBooking.Test_Registration@754ba872]" name="createNewUser" duration-ms="1853" started-at="2020-11-04T11:03:07 IST" description="create a new user" finished-at="2020-11-04T11:03:09 IST">
          <reporter-output>
          </reporter-output>
        </test-method> <!-- createNewUser -->
        <test-method status="PASS" signature="closeBrowser()[pri:0, instance:test.FlightBooking.Test_Registration@754ba872]" name="closeBrowser" is-config="true" duration-ms="66" started-at="2020-11-04T11:03:09 IST" finished-at="2020-11-04T11:03:09 IST">
          <reporter-output>
          </reporter-output>
        </test-method> <!-- closeBrowser -->
        <test-method status="PASS" signature="getDriver()[pri:0, instance:test.FlightBooking.Test_Registration@754ba872]" name="getDriver" is-config="true" duration-ms="6074" started-at="2020-11-04T11:03:09 IST" finished-at="2020-11-04T11:03:15 IST">
          <reporter-output>
          </reporter-output>
        </test-method> <!-- getDriver -->
        <test-method status="PASS" signature="mailingInformation()[pri:0, instance:test.FlightBooking.Test_Registration@754ba872]" name="mailingInformation" duration-ms="1047" started-at="2020-11-04T11:03:15 IST" description="Enter only mailing information" finished-at="2020-11-04T11:03:16 IST">
          <reporter-output>
          </reporter-output>
        </test-method> <!-- mailingInformation -->
        <test-method status="PASS" signature="closeBrowser()[pri:0, instance:test.FlightBooking.Test_Registration@754ba872]" name="closeBrowser" is-config="true" duration-ms="74" started-at="2020-11-04T11:03:16 IST" finished-at="2020-11-04T11:03:16 IST">
          <reporter-output>
          </reporter-output>
        </test-method> <!-- closeBrowser -->
        <test-method status="PASS" signature="getDriver()[pri:0, instance:test.FlightBooking.Test_Registration@754ba872]" name="getDriver" is-config="true" duration-ms="5635" started-at="2020-11-04T11:03:16 IST" finished-at="2020-11-04T11:03:22 IST">
          <reporter-output>
          </reporter-output>
        </test-method> <!-- getDriver -->
        <test-method status="PASS" signature="userInformation()[pri:0, instance:test.FlightBooking.Test_Registration@754ba872]" name="userInformation" duration-ms="688" started-at="2020-11-04T11:03:22 IST" description="Enter only user information" finished-at="2020-11-04T11:03:23 IST">
          <reporter-output>
          </reporter-output>
        </test-method> <!-- userInformation -->
        <test-method status="PASS" signature="closeBrowser()[pri:0, instance:test.FlightBooking.Test_Registration@754ba872]" name="closeBrowser" is-config="true" duration-ms="70" started-at="2020-11-04T11:03:23 IST" finished-at="2020-11-04T11:03:23 IST">
          <reporter-output>
          </reporter-output>
        </test-method> <!-- closeBrowser -->
      </class> <!-- test.FlightBooking.Test_Registration -->
    </test> <!-- Command line test -->
  </suite> <!-- test.FlightBooking.Test_Registration -->
</testng-results>
